  [1m[35m (0.1ms)[0m  [1m[34mSELECT sqlite_version(*)[0m
  [1m[35m (1.1ms)[0m  [1m[35mCREATE TABLE "schema_migrations" ("version" varchar NOT NULL PRIMARY KEY)[0m
  [1m[35m (1.6ms)[0m  [1m[35mCREATE TABLE "ar_internal_metadata" ("key" varchar NOT NULL PRIMARY KEY, "value" varchar, "created_at" datetime NOT NULL, "updated_at" datetime NOT NULL)[0m
  [1m[35m (0.2ms)[0m  [1m[34mSELECT "schema_migrations"."version" FROM "schema_migrations" ORDER BY "schema_migrations"."version" ASC[0m
Migrating to CreatePosts (20171227054154)
  [1m[35m (0.1ms)[0m  [1m[36mbegin transaction[0m
  [1m[35m (0.5ms)[0m  [1m[35mCREATE TABLE "posts" ("id" INTEGER PRIMARY KEY AUTOINCREMENT NOT NULL, "title" varchar, "content" text, "created_at" datetime NOT NULL, "updated_at" datetime NOT NULL)[0m
  [1m[35mSQL (0.2ms)[0m  [1m[32mINSERT INTO "schema_migrations" ("version") VALUES (?)[0m  [["version", "20171227054154"]]
  [1m[35m (0.9ms)[0m  [1m[36mcommit transaction[0m
Migrating to AddS3ToPosts (20171230141453)
  [1m[35m (0.1ms)[0m  [1m[36mbegin transaction[0m
  [1m[35m (0.7ms)[0m  [1m[35mALTER TABLE "posts" ADD "image" varchar[0m
  [1m[35mSQL (0.2ms)[0m  [1m[32mINSERT INTO "schema_migrations" ("version") VALUES (?)[0m  [["version", "20171230141453"]]
  [1m[35m (0.8ms)[0m  [1m[36mcommit transaction[0m
  [1m[36mActiveRecord::InternalMetadata Load (0.2ms)[0m  [1m[34mSELECT  "ar_internal_metadata".* FROM "ar_internal_metadata" WHERE "ar_internal_metadata"."key" = ? LIMIT ?[0m  [["key", "environment"], ["LIMIT", 1]]
  [1m[35m (0.1ms)[0m  [1m[36mbegin transaction[0m
  [1m[35mSQL (0.4ms)[0m  [1m[32mINSERT INTO "ar_internal_metadata" ("key", "value", "created_at", "updated_at") VALUES (?, ?, ?, ?)[0m  [["key", "environment"], ["value", "development"], ["created_at", "2017-12-30 14:15:01.595374"], ["updated_at", "2017-12-30 14:15:01.595374"]]
  [1m[35m (0.8ms)[0m  [1m[36mcommit transaction[0m
  [1m[35m (0.2ms)[0m  [1m[34mSELECT "schema_migrations"."version" FROM "schema_migrations" ORDER BY "schema_migrations"."version" ASC[0m
Started GET "/" for 127.0.0.1 at 2017-12-30 23:19:22 +0900
  [1m[35m (0.2ms)[0m  [1m[34mSELECT "schema_migrations"."version" FROM "schema_migrations" ORDER BY "schema_migrations"."version" ASC[0m
  
ActiveRecord::PendingMigrationError (

Migrations are pending. To resolve this issue, run:

        bin/rails db:migrate RAILS_ENV=development

):
  
activerecord (5.1.4) lib/active_record/migration.rb:576:in `check_pending!'
activerecord (5.1.4) lib/active_record/migration.rb:553:in `call'
actionpack (5.1.4) lib/action_dispatch/middleware/callbacks.rb:26:in `block in call'
activesupport (5.1.4) lib/active_support/callbacks.rb:97:in `run_callbacks'
actionpack (5.1.4) lib/action_dispatch/middleware/callbacks.rb:24:in `call'
actionpack (5.1.4) lib/action_dispatch/middleware/executor.rb:12:in `call'
actionpack (5.1.4) lib/action_dispatch/middleware/debug_exceptions.rb:59:in `call'
web-console (3.5.1) lib/web_console/middleware.rb:135:in `call_app'
web-console (3.5.1) lib/web_console/middleware.rb:28:in `block in call'
web-console (3.5.1) lib/web_console/middleware.rb:18:in `catch'
web-console (3.5.1) lib/web_console/middleware.rb:18:in `call'
actionpack (5.1.4) lib/action_dispatch/middleware/show_exceptions.rb:31:in `call'
railties (5.1.4) lib/rails/rack/logger.rb:36:in `call_app'
railties (5.1.4) lib/rails/rack/logger.rb:24:in `block in call'
activesupport (5.1.4) lib/active_support/tagged_logging.rb:69:in `block in tagged'
activesupport (5.1.4) lib/active_support/tagged_logging.rb:26:in `tagged'
activesupport (5.1.4) lib/active_support/tagged_logging.rb:69:in `tagged'
railties (5.1.4) lib/rails/rack/logger.rb:24:in `call'
sprockets-rails (3.2.1) lib/sprockets/rails/quiet_assets.rb:13:in `call'
actionpack (5.1.4) lib/action_dispatch/middleware/remote_ip.rb:79:in `call'
actionpack (5.1.4) lib/action_dispatch/middleware/request_id.rb:25:in `call'
rack (2.0.3) lib/rack/method_override.rb:22:in `call'
rack (2.0.3) lib/rack/runtime.rb:22:in `call'
activesupport (5.1.4) lib/active_support/cache/strategy/local_cache_middleware.rb:27:in `call'
actionpack (5.1.4) lib/action_dispatch/middleware/executor.rb:12:in `call'
actionpack (5.1.4) lib/action_dispatch/middleware/static.rb:125:in `call'
rack (2.0.3) lib/rack/sendfile.rb:111:in `call'
railties (5.1.4) lib/rails/engine.rb:522:in `call'
puma (3.11.0) lib/puma/configuration.rb:225:in `call'
puma (3.11.0) lib/puma/server.rb:624:in `handle_request'
puma (3.11.0) lib/puma/server.rb:438:in `process_client'
puma (3.11.0) lib/puma/server.rb:302:in `block in run'
puma (3.11.0) lib/puma/thread_pool.rb:120:in `block in spawn_thread'
  [1m[35m (0.2ms)[0m  [1m[34mSELECT "schema_migrations"."version" FROM "schema_migrations" ORDER BY "schema_migrations"."version" ASC[0m
  [1m[36mActiveRecord::InternalMetadata Load (0.2ms)[0m  [1m[34mSELECT  "ar_internal_metadata".* FROM "ar_internal_metadata" WHERE "ar_internal_metadata"."key" = ? LIMIT ?[0m  [["key", "environment"], ["LIMIT", 1]]
  [1m[35m (0.1ms)[0m  [1m[36mbegin transaction[0m
  [1m[35m (0.1ms)[0m  [1m[36mcommit transaction[0m
  [1m[35m (0.1ms)[0m  [1m[34mSELECT "schema_migrations"."version" FROM "schema_migrations" ORDER BY "schema_migrations"."version" ASC[0m
Started GET "/" for 127.0.0.1 at 2017-12-30 23:20:37 +0900
  [1m[35m (0.1ms)[0m  [1m[34mSELECT "schema_migrations"."version" FROM "schema_migrations" ORDER BY "schema_migrations"."version" ASC[0m
Processing by Rails::WelcomeController#index as HTML
  Rendering /Users/songjeongwoo/.rvm/gems/ruby-2.3.1/gems/railties-5.1.4/lib/rails/templates/rails/welcome/index.html.erb
  Rendered /Users/songjeongwoo/.rvm/gems/ruby-2.3.1/gems/railties-5.1.4/lib/rails/templates/rails/welcome/index.html.erb (4.8ms)
Completed 200 OK in 20ms (Views: 9.9ms | ActiveRecord: 0.0ms)


Started GET "/index" for 127.0.0.1 at 2017-12-30 23:20:40 +0900
  
ActionController::RoutingError (No route matches [GET] "/index"):
  
actionpack (5.1.4) lib/action_dispatch/middleware/debug_exceptions.rb:63:in `call'
web-console (3.5.1) lib/web_console/middleware.rb:135:in `call_app'
web-console (3.5.1) lib/web_console/middleware.rb:28:in `block in call'
web-console (3.5.1) lib/web_console/middleware.rb:18:in `catch'
web-console (3.5.1) lib/web_console/middleware.rb:18:in `call'
actionpack (5.1.4) lib/action_dispatch/middleware/show_exceptions.rb:31:in `call'
railties (5.1.4) lib/rails/rack/logger.rb:36:in `call_app'
railties (5.1.4) lib/rails/rack/logger.rb:24:in `block in call'
activesupport (5.1.4) lib/active_support/tagged_logging.rb:69:in `block in tagged'
activesupport (5.1.4) lib/active_support/tagged_logging.rb:26:in `tagged'
activesupport (5.1.4) lib/active_support/tagged_logging.rb:69:in `tagged'
railties (5.1.4) lib/rails/rack/logger.rb:24:in `call'
sprockets-rails (3.2.1) lib/sprockets/rails/quiet_assets.rb:13:in `call'
actionpack (5.1.4) lib/action_dispatch/middleware/remote_ip.rb:79:in `call'
actionpack (5.1.4) lib/action_dispatch/middleware/request_id.rb:25:in `call'
rack (2.0.3) lib/rack/method_override.rb:22:in `call'
rack (2.0.3) lib/rack/runtime.rb:22:in `call'
activesupport (5.1.4) lib/active_support/cache/strategy/local_cache_middleware.rb:27:in `call'
actionpack (5.1.4) lib/action_dispatch/middleware/executor.rb:12:in `call'
actionpack (5.1.4) lib/action_dispatch/middleware/static.rb:125:in `call'
rack (2.0.3) lib/rack/sendfile.rb:111:in `call'
railties (5.1.4) lib/rails/engine.rb:522:in `call'
puma (3.11.0) lib/puma/configuration.rb:225:in `call'
puma (3.11.0) lib/puma/server.rb:624:in `handle_request'
puma (3.11.0) lib/puma/server.rb:438:in `process_client'
puma (3.11.0) lib/puma/server.rb:302:in `block in run'
puma (3.11.0) lib/puma/thread_pool.rb:120:in `block in spawn_thread'
Started GET "/posts" for 127.0.0.1 at 2017-12-30 23:20:44 +0900
Processing by PostsController#index as HTML
Completed 500 Internal Server Error in 3ms (ActiveRecord: 0.0ms)


  
NameError (uninitialized constant ApplicationRecord::Base):
  
app/models/post.rb:1:in `<top (required)>'
app/controllers/posts_controller.rb:7:in `index'
Started GET "/posts" for 127.0.0.1 at 2017-12-30 23:21:02 +0900
Processing by PostsController#index as HTML
Completed 500 Internal Server Error in 3ms


  
SyntaxError (/Users/songjeongwoo/blog/app/uploaders/s3_uploader.rb:102: syntax error, unexpected keyword_end, expecting end-of-input):
  
app/uploaders/s3_uploader.rb:102: syntax error, unexpected keyword_end, expecting end-of-input
app/models/post.rb:2:in `<class:Post>'
app/models/post.rb:1:in `<top (required)>'
app/controllers/posts_controller.rb:7:in `index'
Started GET "/posts" for 127.0.0.1 at 2017-12-30 23:21:46 +0900
Processing by PostsController#index as HTML
Completed 500 Internal Server Error in 4ms


  
SyntaxError (/Users/songjeongwoo/blog/app/uploaders/s3_uploader.rb:102: syntax error, unexpected keyword_end, expecting end-of-input):
  
app/uploaders/s3_uploader.rb:102: syntax error, unexpected keyword_end, expecting end-of-input
app/models/post.rb:2:in `<class:Post>'
app/models/post.rb:1:in `<top (required)>'
app/controllers/posts_controller.rb:7:in `index'
Started GET "/" for 127.0.0.1 at 2017-12-30 23:21:59 +0900
Processing by PostsController#index as HTML
Completed 500 Internal Server Error in 4ms


  
SyntaxError (/Users/songjeongwoo/blog/app/uploaders/s3_uploader.rb:102: syntax error, unexpected keyword_end, expecting end-of-input):
  
app/uploaders/s3_uploader.rb:102: syntax error, unexpected keyword_end, expecting end-of-input
app/models/post.rb:2:in `<class:Post>'
app/models/post.rb:1:in `<top (required)>'
app/controllers/posts_controller.rb:7:in `index'
Started GET "/" for 127.0.0.1 at 2017-12-30 23:22:43 +0900
Processing by PostsController#index as HTML
  Rendering posts/index.html.erb within layouts/application
  [1m[36mPost Load (0.1ms)[0m  [1m[34mSELECT "posts".* FROM "posts"[0m
  Rendered posts/index.html.erb within layouts/application (3.6ms)
Completed 200 OK in 1001ms (Views: 995.1ms | ActiveRecord: 0.6ms)


Started GET "/posts/new" for 127.0.0.1 at 2017-12-30 23:22:45 +0900
Processing by PostsController#new as HTML
  Rendering posts/new.html.erb within layouts/application
  Rendered posts/_form.html.erb (42.7ms)
  Rendered posts/new.html.erb within layouts/application (44.7ms)
Completed 200 OK in 80ms (Views: 66.4ms | ActiveRecord: 0.6ms)


Started POST "/posts" for 127.0.0.1 at 2017-12-30 23:23:09 +0900
Processing by PostsController#create as HTML
  Parameters: {"utf8"=>"âœ“", "authenticity_token"=>"KPi1WVlC9Ybs2xNlMFe2m7dHzYryGK8qfHEclBfLeKWrsdoFVHqjmCl/pZnwQmv+K4kliDdVutIyCaPL5+Bfwg==", "post"=>{"title"=>"hi", "content"=>"hello", "image"=>#<ActionDispatch::Http::UploadedFile:0x007fa205e018a8 @tempfile=#<Tempfile:/var/folders/0t/shg1l6gd6h70snj2t7hhwkwh0000gn/T/RackMultipart20171230-9144-bz9c01.png>, @original_filename="á„‰á…³á„á…³á„…á…µá†«á„‰á…£á†º 2017-08-03 á„‹á…©á„’á…® 4.21.08.png", @content_type="image/png", @headers="Content-Disposition: form-data; name=\"post[image]\"; filename=\"\xE1\x84\x89\xE1\x85\xB3\xE1\x84\x8F\xE1\x85\xB3\xE1\x84\x85\xE1\x85\xB5\xE1\x86\xAB\xE1\x84\x89\xE1\x85\xA3\xE1\x86\xBA 2017-08-03 \xE1\x84\x8B\xE1\x85\xA9\xE1\x84\x92\xE1\x85\xAE 4.21.08.png\"\r\nContent-Type: image/png\r\n">}, "commit"=>"Create Post"}
  [1m[35m (0.1ms)[0m  [1m[36mbegin transaction[0m
  [1m[35mSQL (0.5ms)[0m  [1m[32mINSERT INTO "posts" ("title", "content", "created_at", "updated_at", "image") VALUES (?, ?, ?, ?, ?)[0m  [["title", "hi"], ["content", "hello"], ["created_at", "2017-12-30 14:23:09.488956"], ["updated_at", "2017-12-30 14:23:09.488956"], ["image", "á„‰á…³á„á…³á„…á…µá†«á„‰á…£á†º_2017-08-03_á„‹á…©á„’á…®_4.21.08.png"]]
  [1m[35m (1.8ms)[0m  [1m[36mcommit transaction[0m
Redirected to http://localhost:3000/posts/1
Completed 302 Found in 337ms (ActiveRecord: 2.4ms)


Started GET "/posts/1" for 127.0.0.1 at 2017-12-30 23:23:09 +0900
Processing by PostsController#show as HTML
  Parameters: {"id"=>"1"}
  [1m[36mPost Load (0.3ms)[0m  [1m[34mSELECT  "posts".* FROM "posts" WHERE "posts"."id" = ? LIMIT ?[0m  [["id", 1], ["LIMIT", 1]]
  Rendering posts/show.html.erb within layouts/application
  Rendered posts/show.html.erb within layouts/application (1.8ms)
Completed 200 OK in 34ms (Views: 25.7ms | ActiveRecord: 0.2ms)


Started GET "/posts" for 127.0.0.1 at 2017-12-30 23:23:13 +0900
Processing by PostsController#index as HTML
  Rendering posts/index.html.erb within layouts/application
  [1m[36mPost Load (0.3ms)[0m  [1m[34mSELECT "posts".* FROM "posts"[0m
  Rendered posts/index.html.erb within layouts/application (5.1ms)
Completed 200 OK in 45ms (Views: 41.6ms | ActiveRecord: 0.3ms)


Started DELETE "/posts/1" for 127.0.0.1 at 2017-12-30 23:24:19 +0900
Processing by PostsController#destroy as HTML
  Parameters: {"authenticity_token"=>"6xtn7ghyK02oPoNQKP3RjyOvkVSxlmOfDqCVgeGdIEuZps+WZWSLV1cQSvUiWdBLyQHtSDfHJsAPgjV1ptqwUw==", "id"=>"1"}
  [1m[36mPost Load (0.2ms)[0m  [1m[34mSELECT  "posts".* FROM "posts" WHERE "posts"."id" = ? LIMIT ?[0m  [["id", 1], ["LIMIT", 1]]
  [1m[35m (0.1ms)[0m  [1m[36mbegin transaction[0m
  [1m[35mSQL (0.3ms)[0m  [1m[31mDELETE FROM "posts" WHERE "posts"."id" = ?[0m  [["id", 1]]
  [1m[35m (0.9ms)[0m  [1m[36mcommit transaction[0m
Redirected to http://localhost:3000/posts
Completed 302 Found in 384ms (ActiveRecord: 3.4ms)


Started GET "/posts" for 127.0.0.1 at 2017-12-30 23:24:19 +0900
Processing by PostsController#index as HTML
  Rendering posts/index.html.erb within layouts/application
  [1m[36mPost Load (0.2ms)[0m  [1m[34mSELECT "posts".* FROM "posts"[0m
  Rendered posts/index.html.erb within layouts/application (2.0ms)
Completed 200 OK in 27ms (Views: 24.8ms | ActiveRecord: 0.2ms)


Started GET "/posts/new" for 127.0.0.1 at 2017-12-30 23:24:21 +0900
Processing by PostsController#new as HTML
  Rendering posts/new.html.erb within layouts/application
  Rendered posts/_form.html.erb (4.7ms)
  Rendered posts/new.html.erb within layouts/application (7.3ms)
Completed 200 OK in 34ms (Views: 28.3ms | ActiveRecord: 0.0ms)


Started POST "/posts" for 127.0.0.1 at 2017-12-30 23:24:34 +0900
Processing by PostsController#create as HTML
  Parameters: {"utf8"=>"âœ“", "authenticity_token"=>"Bn9NV2LR3ulSw9iAt0wDW451pj/2v4JHvtEj4dDpFk2FNiILb+mI95dnbnx3Wd4+ErtOPTPyl7/wqZy+IMIxKg==", "post"=>{"title"=>"hi ", "content"=>"hello", "image"=>#<ActionDispatch::Http::UploadedFile:0x007fa20634d140 @tempfile=#<Tempfile:/var/folders/0t/shg1l6gd6h70snj2t7hhwkwh0000gn/T/RackMultipart20171230-9144-nscne2.png>, @original_filename="á„‰á…³á„á…³á„…á…µá†«á„‰á…£á†º 2017-07-11 á„‹á…©á„’á…® 5.45.57.png", @content_type="image/png", @headers="Content-Disposition: form-data; name=\"post[image]\"; filename=\"\xE1\x84\x89\xE1\x85\xB3\xE1\x84\x8F\xE1\x85\xB3\xE1\x84\x85\xE1\x85\xB5\xE1\x86\xAB\xE1\x84\x89\xE1\x85\xA3\xE1\x86\xBA 2017-07-11 \xE1\x84\x8B\xE1\x85\xA9\xE1\x84\x92\xE1\x85\xAE 5.45.57.png\"\r\nContent-Type: image/png\r\n">}, "commit"=>"Create Post"}
  [1m[35m (0.1ms)[0m  [1m[36mbegin transaction[0m
  [1m[35mSQL (0.5ms)[0m  [1m[32mINSERT INTO "posts" ("title", "content", "created_at", "updated_at", "image") VALUES (?, ?, ?, ?, ?)[0m  [["title", "hi "], ["content", "hello"], ["created_at", "2017-12-30 14:24:35.256376"], ["updated_at", "2017-12-30 14:24:35.256376"], ["image", "á„‰á…³á„á…³á„…á…µá†«á„‰á…£á†º_2017-07-11_á„‹á…©á„’á…®_5.45.57.png"]]
  [1m[35m (2.4ms)[0m  [1m[36mcommit transaction[0m
Redirected to http://localhost:3000/posts/2
Completed 302 Found in 1722ms (ActiveRecord: 3.0ms)


Started GET "/posts/2" for 127.0.0.1 at 2017-12-30 23:24:35 +0900
Processing by PostsController#show as HTML
  Parameters: {"id"=>"2"}
  [1m[36mPost Load (0.3ms)[0m  [1m[34mSELECT  "posts".* FROM "posts" WHERE "posts"."id" = ? LIMIT ?[0m  [["id", 2], ["LIMIT", 1]]
  Rendering posts/show.html.erb within layouts/application
  Rendered posts/show.html.erb within layouts/application (1.9ms)
Completed 200 OK in 32ms (Views: 28.8ms | ActiveRecord: 0.3ms)


Started GET "/posts" for 127.0.0.1 at 2017-12-30 23:24:39 +0900
Processing by PostsController#index as HTML
  Rendering posts/index.html.erb within layouts/application
  [1m[36mPost Load (0.2ms)[0m  [1m[34mSELECT "posts".* FROM "posts"[0m
  Rendered posts/index.html.erb within layouts/application (3.8ms)
Completed 200 OK in 30ms (Views: 25.6ms | ActiveRecord: 0.2ms)


Started DELETE "/posts/2" for 127.0.0.1 at 2017-12-30 23:24:45 +0900
Processing by PostsController#destroy as HTML
  Parameters: {"authenticity_token"=>"Wo2oyJCg3VLwxstLjmKox9rM9LbMImhCKCYo+k0FOsUoMACw/bZ9SA/oAu6ExqkDMGKIqkpzLR0pBIgOCkKq3Q==", "id"=>"2"}
  [1m[36mPost Load (0.2ms)[0m  [1m[34mSELECT  "posts".* FROM "posts" WHERE "posts"."id" = ? LIMIT ?[0m  [["id", 2], ["LIMIT", 1]]
  [1m[35m (0.1ms)[0m  [1m[36mbegin transaction[0m
  [1m[35mSQL (0.6ms)[0m  [1m[31mDELETE FROM "posts" WHERE "posts"."id" = ?[0m  [["id", 2]]
  [1m[35m (1.0ms)[0m  [1m[36mcommit transaction[0m
Redirected to http://localhost:3000/posts
Completed 302 Found in 303ms (ActiveRecord: 1.9ms)


Started GET "/posts" for 127.0.0.1 at 2017-12-30 23:24:45 +0900
Processing by PostsController#index as HTML
  Rendering posts/index.html.erb within layouts/application
  [1m[36mPost Load (0.3ms)[0m  [1m[34mSELECT "posts".* FROM "posts"[0m
  Rendered posts/index.html.erb within layouts/application (1.9ms)
Completed 200 OK in 25ms (Views: 21.6ms | ActiveRecord: 0.3ms)


